#
# There is insufficient memory for the Java Runtime Environment to continue.
# Native memory allocation (malloc) failed to allocate 32744 bytes for ChunkPool::allocate
# Possible reasons:
#   The system is out of physical RAM or swap space
#   In 32 bit mode, the process size limit was hit
# Possible solutions:
#   Reduce memory load on the system
#   Increase physical memory or swap space
#   Check if swap backing store is full
#   Use 64 bit Java on a 64 bit OS
#   Decrease Java heap size (-Xmx/-Xms)
#   Decrease number of Java threads
#   Decrease Java thread stack sizes (-Xss)
#   Set larger code cache with -XX:ReservedCodeCacheSize=
# This output file may be truncated or incomplete.
#
#  Out of Memory Error (allocation.cpp:273), pid=29664, tid=0x00000000000078c4
#
# JRE version: Java(TM) SE Runtime Environment (8.0_121-b13) (build 1.8.0_121-b13)
# Java VM: Java HotSpot(TM) 64-Bit Server VM (25.121-b13 mixed mode windows-amd64 compressed oops)
# Failed to write core dump. Minidumps are not enabled by default on client versions of Windows
#

---------------  T H R E A D  ---------------

Current thread (0x0000000002879000):  JavaThread "main" [_thread_in_vm, id=30916, stack(0x00000000026d0000,0x00000000027d0000)]

Stack: [0x00000000026d0000,0x00000000027d0000]
[error occurred during error reporting (printing stack bounds), id 0xc0000005]

Native frames: (J=compiled Java code, j=interpreted, Vv=VM code, C=native code)

Java frames: (J=compiled Java code, j=interpreted, Vv=VM code)
J 868  java.lang.ClassLoader.defineClass1(Ljava/lang/String;[BIILjava/security/ProtectionDomain;Ljava/lang/String;)Ljava/lang/Class; (0 bytes) @ 0x0000000002bcde5f [0x0000000002bcddc0+0x9f]
J 734 C1 java.lang.ClassLoader.defineClass(Ljava/lang/String;[BIILjava/security/ProtectionDomain;)Ljava/lang/Class; (43 bytes) @ 0x0000000002b9d35c [0x0000000002b9d260+0xfc]
J 736 C1 java.net.URLClassLoader.defineClass(Ljava/lang/String;Lsun/misc/Resource;)Ljava/lang/Class; (142 bytes) @ 0x0000000002b9f4cc [0x0000000002b9eb00+0x9cc]
J 679 C1 java.net.URLClassLoader$1.run()Ljava/lang/Class; (63 bytes) @ 0x0000000002b82174 [0x0000000002b820c0+0xb4]
J 678 C1 java.net.URLClassLoader$1.run()Ljava/lang/Object; (5 bytes) @ 0x0000000002b81d94 [0x0000000002b81d60+0x34]
v  ~StubRoutines::call_stub
J 244  java.security.AccessController.doPrivileged(Ljava/security/PrivilegedExceptionAction;Ljava/security/AccessControlContext;)Ljava/lang/Object; (0 bytes) @ 0x0000000002accf66 [0x0000000002accf00+0x66]
J 606 C1 java.net.URLClassLoader.findClass(Ljava/lang/String;)Ljava/lang/Class; (47 bytes) @ 0x0000000002b632b4 [0x0000000002b63200+0xb4]
J 2052 C1 java.lang.ClassLoader.loadClass(Ljava/lang/String;Z)Ljava/lang/Class; (122 bytes) @ 0x0000000002db9a64 [0x0000000002db9760+0x304]
J 588 C1 sun.misc.Launcher$AppClassLoader.loadClass(Ljava/lang/String;Z)Ljava/lang/Class; (85 bytes) @ 0x0000000002b59fc4 [0x0000000002b59ce0+0x2e4]
J 586 C1 java.lang.ClassLoader.loadClass(Ljava/lang/String;)Ljava/lang/Class; (7 bytes) @ 0x0000000002b599a4 [0x0000000002b59960+0x44]
v  ~StubRoutines::call_stub
J 868  java.lang.ClassLoader.defineClass1(Ljava/lang/String;[BIILjava/security/ProtectionDomain;Ljava/lang/String;)Ljava/lang/Class; (0 bytes) @ 0x0000000002bcde5f [0x0000000002bcddc0+0x9f]
J 734 C1 java.lang.ClassLoader.defineClass(Ljava/lang/String;[BIILjava/security/ProtectionDomain;)Ljava/lang/Class; (43 bytes) @ 0x0000000002b9d35c [0x0000000002b9d260+0xfc]
J 736 C1 java.net.URLClassLoader.defineClass(Ljava/lang/String;Lsun/misc/Resource;)Ljava/lang/Class; (142 bytes) @ 0x0000000002b9f4cc [0x0000000002b9eb00+0x9cc]
J 679 C1 java.net.URLClassLoader$1.run()Ljava/lang/Class; (63 bytes) @ 0x0000000002b82174 [0x0000000002b820c0+0xb4]
J 678 C1 java.net.URLClassLoader$1.run()Ljava/lang/Object; (5 bytes) @ 0x0000000002b81d94 [0x0000000002b81d60+0x34]
v  ~StubRoutines::call_stub
J 244  java.security.AccessController.doPrivileged(Ljava/security/PrivilegedExceptionAction;Ljava/security/AccessControlContext;)Ljava/lang/Object; (0 bytes) @ 0x0000000002accf66 [0x0000000002accf00+0x66]
J 606 C1 java.net.URLClassLoader.findClass(Ljava/lang/String;)Ljava/lang/Class; (47 bytes) @ 0x0000000002b632b4 [0x0000000002b63200+0xb4]
J 2052 C1 java.lang.ClassLoader.loadClass(Ljava/lang/String;Z)Ljava/lang/Class; (122 bytes) @ 0x0000000002db9a64 [0x0000000002db9760+0x304]
J 588 C1 sun.misc.Launcher$AppClassLoader.loadClass(Ljava/lang/String;Z)Ljava/lang/Class; (85 bytes) @ 0x0000000002b59fc4 [0x0000000002b59ce0+0x2e4]
J 586 C1 java.lang.ClassLoader.loadClass(Ljava/lang/String;)Ljava/lang/Class; (7 bytes) @ 0x0000000002b599a4 [0x0000000002b59960+0x44]
v  ~StubRoutines::call_stub
J 2566  java.lang.Class.getDeclaredMethods0(Z)[Ljava/lang/reflect/Method; (0 bytes) @ 0x0000000002ee6fbb [0x0000000002ee6f80+0x3b]
J 808 C1 java.lang.Class.privateGetDeclaredMethods(Z)[Ljava/lang/reflect/Method; (67 bytes) @ 0x0000000002bb9484 [0x0000000002bb9380+0x104]
J 1473 C1 java.lang.Class.privateGetMethodRecursive(Ljava/lang/String;[Ljava/lang/Class;ZLjava/lang/Class$MethodArray;)Ljava/lang/reflect/Method; (130 bytes) @ 0x0000000002cab2bc [0x0000000002cab260+0x5c]
J 1472 C1 java.lang.Class.getMethod0(Ljava/lang/String;[Ljava/lang/Class;Z)Ljava/lang/reflect/Method; (40 bytes) @ 0x0000000002cabb14 [0x0000000002caba60+0xb4]
J 1529 C1 java.lang.Class.getMethod(Ljava/lang/String;[Ljava/lang/Class;)Ljava/lang/reflect/Method; (64 bytes) @ 0x0000000002cc3afc [0x0000000002cc3a80+0x7c]
j  org.springframework.orm.jpa.vendor.HibernateJpaDialect.<clinit>()V+8
v  ~StubRoutines::call_stub
j  org.springframework.orm.jpa.vendor.HibernateJpaVendorAdapter.<init>()V+5
j  org.springframework.boot.autoconfigure.orm.jpa.HibernateJpaConfiguration.createJpaVendorAdapter()Lorg/springframework/orm/jpa/vendor/AbstractJpaVendorAdapter;+4
j  org.springframework.boot.autoconfigure.orm.jpa.JpaBaseConfiguration.jpaVendorAdapter()Lorg/springframework/orm/jpa/JpaVendorAdapter;+1
j  org.springframework.boot.autoconfigure.orm.jpa.HibernateJpaConfiguration$$EnhancerBySpringCGLIB$$6edf81a2.CGLIB$jpaVendorAdapter$4()Lorg/springframework/orm/jpa/JpaVendorAdapter;+1
j  org.springframework.boot.autoconfigure.orm.jpa.HibernateJpaConfiguration$$EnhancerBySpringCGLIB$$6edf81a2$$FastClassBySpringCGLIB$$f710218a.invoke(ILjava/lang/Object;[Ljava/lang/Object;)Ljava/lang/Object;+223
j  org.springframework.cglib.proxy.MethodProxy.invokeSuper(Ljava/lang/Object;[Ljava/lang/Object;)Ljava/lang/Object;+19
j  org.springframework.context.annotation.ConfigurationClassEnhancer$BeanMethodInterceptor.intercept(Ljava/lang/Object;Ljava/lang/reflect/Method;[Ljava/lang/Object;Lorg/springframework/cglib/proxy/MethodProxy;)Ljava/lang/Object;+207
j  org.springframework.boot.autoconfigure.orm.jpa.HibernateJpaConfiguration$$EnhancerBySpringCGLIB$$6edf81a2.jpaVendorAdapter()Lorg/springframework/orm/jpa/JpaVendorAdapter;+31
v  ~StubRoutines::call_stub
J 1795  sun.reflect.NativeMethodAccessorImpl.invoke0(Ljava/lang/reflect/Method;Ljava/lang/Object;[Ljava/lang/Object;)Ljava/lang/Object; (0 bytes) @ 0x0000000002d636ff [0x0000000002d63680+0x7f]
J 1794 C1 sun.reflect.NativeMethodAccessorImpl.invoke(Ljava/lang/Object;[Ljava/lang/Object;)Ljava/lang/Object; (104 bytes) @ 0x0000000002d63e5c [0x0000000002d63ae0+0x37c]
J 1526 C1 sun.reflect.DelegatingMethodAccessorImpl.invoke(Ljava/lang/Object;[Ljava/lang/Object;)Ljava/lang/Object; (10 bytes) @ 0x0000000002cbff24 [0x0000000002cbfee0+0x44]
J 1525 C1 java.lang.reflect.Method.invoke(Ljava/lang/Object;[Ljava/lang/Object;)Ljava/lang/Object; (62 bytes) @ 0x0000000002cbfb54 [0x0000000002cbfa60+0xf4]
j  org.springframework.beans.factory.support.SimpleInstantiationStrategy.instantiate(Lorg/springframework/beans/factory/support/RootBeanDefinition;Ljava/lang/String;Lorg/springframework/beans/factory/BeanFactory;Ljava/lang/Object;Ljava/lang/reflect/Method;[Ljava/lang/Object;)Ljava/lang/Object;+50
j  org.springframework.beans.factory.support.ConstructorResolver.instantiate(Ljava/lang/String;Lorg/springframework/beans/factory/support/RootBeanDefinition;Ljava/lang/Object;Ljava/lang/reflect/Method;[Ljava/lang/Object;)Ljava/lang/Object;+48
j  org.springframework.beans.factory.support.ConstructorResolver.instantiateUsingFactoryMethod(Ljava/lang/String;Lorg/springframework/beans/factory/support/RootBeanDefinition;[Ljava/lang/Object;)Lorg/springframework/beans/BeanWrapper;+439
j  org.springframework.beans.factory.support.AbstractAutowireCapableBeanFactory.instantiateUsingFactoryMethod(Ljava/lang/String;Lorg/springframework/beans/factory/support/RootBeanDefinition;[Ljava/lang/Object;)Lorg/springframework/beans/BeanWrapper;+11
j  org.springframework.beans.factory.support.AbstractAutowireCapableBeanFactory.createBeanInstance(Ljava/lang/String;Lorg/springframework/beans/factory/support/RootBeanDefinition;[Ljava/lang/Object;)Lorg/springframework/beans/BeanWrapper;+101
J 4205 C1 org.springframework.beans.factory.support.AbstractAutowireCapableBeanFactory.doCreateBean(Ljava/lang/String;Lorg/springframework/beans/factory/support/RootBeanDefinition;[Ljava/lang/Object;)Ljava/lang/Object; (507 bytes) @ 0x00000000031dd29c [0x00000000031dd120+0x17c]
J 4204 C1 org.springframework.beans.factory.support.AbstractAutowireCapableBeanFactory.createBean(Ljava/lang/String;Lorg/springframework/beans/factory/support/RootBeanDefinition;[Ljava/lang/Object;)Ljava/lang/Object; (247 bytes) @ 0x00000000031db724 [0x00000000031db200+0x524]
j  org.springframework.beans.factory.support.AbstractBeanFactory.lambda$doGetBean$0(Ljava/lang/String;Lorg/springframework/beans/factory/support/RootBeanDefinition;[Ljava/lang/Object;)Ljava/lang/Object;+4
j  org.springframework.beans.factory.support.AbstractBeanFactory$$Lambda$120.getObject()Ljava/lang/Object;+16
j  org.springframework.beans.factory.support.DefaultSingletonBeanRegistry.getSingleton(Ljava/lang/String;Lorg/springframework/beans/factory/ObjectFactory;)Ljava/lang/Object;+132
J 2517 C1 org.springframework.beans.factory.support.AbstractBeanFactory.doGetBean(Ljava/lang/String;Ljava/lang/Class;[Ljava/lang/Object;Z)Ljava/lang/Object; (833 bytes) @ 0x0000000002ecb14c [0x0000000002ecab80+0x5cc]
J 4091 C1 org.springframework.beans.factory.support.AbstractBeanFactory.getBean(Ljava/lang/String;)Ljava/lang/Object; (9 bytes) @ 0x00000000031ad24c [0x00000000031ad200+0x4c]
j  org.springframework.beans.factory.config.DependencyDescriptor.resolveCandidate(Ljava/lang/String;Ljava/lang/Class;Lorg/springframework/beans/factory/BeanFactory;)Ljava/lang/Object;+2
j  org.springframework.beans.factory.support.DefaultListableBeanFactory.doResolveDependency(Lorg/springframework/beans/factory/config/DependencyDescriptor;Ljava/lang/String;Ljava/util/Set;Lorg/springframework/beans/TypeConverter;)Ljava/lang/Object;+440
j  org.springframework.beans.factory.support.DefaultListableBeanFactory.resolveDependency(Lorg/springframework/beans/factory/config/DependencyDescriptor;Ljava/lang/String;Ljava/util/Set;Lorg/springframework/beans/TypeConverter;)Ljava/lang/Object;+108
j  org.springframework.beans.factory.support.ConstructorResolver.resolveAutowiredArgument(Lorg/springframework/core/MethodParameter;Ljava/lang/String;Ljava/util/Set;Lorg/springframework/beans/TypeConverter;Z)Ljava/lang/Object;+79
j  org.springframework.beans.factory.support.ConstructorResolver.createArgumentArray(Ljava/lang/String;Lorg/springframework/beans/factory/support/RootBeanDefinition;Lorg/springframework/beans/factory/config/ConstructorArgumentValues;Lorg/springframework/beans/BeanWrapper;[Ljava/lang/Class;[Ljava/lang/String;Ljava/lang/reflect/Executable;ZZ)Lorg/springframework/beans/factory/support/ConstructorResolver$ArgumentsHolder;+434
j  org.springframework.beans.factory.support.ConstructorResolver.instantiateUsingFactoryMethod(Ljava/lang/String;Lorg/springframework/beans/factory/support/RootBeanDefinition;[Ljava/lang/Object;)Lorg/springframework/beans/BeanWrapper;+674
j  org.springframework.beans.factory.support.AbstractAutowireCapableBeanFactory.instantiateUsingFactoryMethod(Ljava/lang/String;Lorg/springframework/beans/factory/support/RootBeanDefinition;[Ljava/lang/Object;)Lorg/springframework/beans/BeanWrapper;+11
j  org.springframework.beans.factory.support.AbstractAutowireCapableBeanFactory.createBeanInstance(Ljava/lang/String;Lorg/springframework/beans/factory/support/RootBeanDefinition;[Ljava/lang/Object;)Lorg/springframework/beans/BeanWrapper;+101
J 4205 C1 org.springframework.beans.factory.support.AbstractAutowireCapableBeanFactory.doCreateBean(Ljava/lang/String;Lorg/springframework/beans/factory/support/RootBeanDefinition;[Ljava/lang/Object;)Ljava/lang/Object; (507 bytes) @ 0x00000000031dd29c [0x00000000031dd120+0x17c]
J 4204 C1 org.springframework.beans.factory.support.AbstractAutowireCapableBeanFactory.createBean(Ljava/lang/String;Lorg/springframework/beans/factory/support/RootBeanDefinition;[Ljava/lang/Object;)Ljava/lang/Object; (247 bytes) @ 0x00000000031db724 [0x00000000031db200+0x524]
j  org.springframework.beans.factory.support.AbstractBeanFactory.lambda$doGetBean$0(Ljava/lang/String;Lorg/springframework/beans/factory/support/RootBeanDefinition;[Ljava/lang/Object;)Ljava/lang/Object;+4
j  org.springframework.beans.factory.support.AbstractBeanFactory$$Lambda$120.getObject()Ljava/lang/Object;+16
j  org.springframework.beans.factory.support.DefaultSingletonBeanRegistry.getSingleton(Ljava/lang/String;Lorg/springframework/beans/factory/ObjectFactory;)Ljava/lang/Object;+132
J 2517 C1 org.springframework.beans.factory.support.AbstractBeanFactory.doGetBean(Ljava/lang/String;Ljava/lang/Class;[Ljava/lang/Object;Z)Ljava/lang/Object; (833 bytes) @ 0x0000000002ecb14c [0x0000000002ecab80+0x5cc]
J 4091 C1 org.springframework.beans.factory.support.AbstractBeanFactory.getBean(Ljava/lang/String;)Ljava/lang/Object; (9 bytes) @ 0x00000000031ad24c [0x00000000031ad200+0x4c]
j  org.springframework.beans.factory.config.DependencyDescriptor.resolveCandidate(Ljava/lang/String;Ljava/lang/Class;Lorg/springframework/beans/factory/BeanFactory;)Ljava/lang/Object;+2
j  org.springframework.beans.factory.support.DefaultListableBeanFactory.doResolveDependency(Lorg/springframework/beans/factory/config/DependencyDescriptor;Ljava/lang/String;Ljava/util/Set;Lorg/springframework/beans/TypeConverter;)Ljava/lang/Object;+440
j  org.springframework.beans.factory.support.DefaultListableBeanFactory.resolveDependency(Lorg/springframework/beans/factory/config/DependencyDescriptor;Ljava/lang/String;Ljava/util/Set;Lorg/springframework/beans/TypeConverter;)Ljava/lang/Object;+108
j  org.springframework.beans.factory.support.ConstructorResolver.resolveAutowiredArgument(Lorg/springframework/core/MethodParameter;Ljava/lang/String;Ljava/util/Set;Lorg/springframework/beans/TypeConverter;Z)Ljava/lang/Object;+79
j  org.springframework.beans.factory.support.ConstructorResolver.createArgumentArray(Ljava/lang/String;Lorg/springframework/beans/factory/support/RootBeanDefinition;Lorg/springframework/beans/factory/config/ConstructorArgumentValues;Lorg/springframework/beans/BeanWrapper;[Ljava/lang/Class;[Ljava/lang/String;Ljava/lang/reflect/Executable;ZZ)Lorg/springframework/beans/factory/support/ConstructorResolver$ArgumentsHolder;+434
j  org.springframework.beans.factory.support.ConstructorResolver.instantiateUsingFactoryMethod(Ljava/lang/String;Lorg/springframework/beans/factory/support/RootBeanDefinition;[Ljava/lang/Object;)Lorg/springframework/beans/BeanWrapper;+674
j  org.springframework.beans.factory.support.AbstractAutowireCapableBeanFactory.instantiateUsingFactoryMethod(Ljava/lang/String;Lorg/springframework/beans/factory/support/RootBeanDefinition;[Ljava/lang/Object;)Lorg/springframework/beans/BeanWrapper;+11
j  org.springframework.beans.factory.support.AbstractAutowireCapableBeanFactory.createBeanInstance(Ljava/lang/String;Lorg/springframework/beans/factory/support/RootBeanDefinition;[Ljava/lang/Object;)Lorg/springframework/beans/BeanWrapper;+101
j  org.springframework.beans.factory.support.AbstractAutowireCapableBeanFactory.doCreateBean(Ljava/lang/String;Lorg/springframework/beans/factory/support/RootBeanDefinition;[Ljava/lang/Object;)Ljava/lang/Object;+34
j  org.springframework.beans.factory.support.AbstractAutowireCapableBeanFactory.createBean(Ljava/lang/String;Lorg/springframework/beans/factory/support/RootBeanDefinition;[Ljava/lang/Object;)Ljava/lang/Object;+169
j  org.springframework.beans.factory.support.AbstractBeanFactory.lambda$doGetBean$0(Ljava/lang/String;Lorg/springframework/beans/factory/support/RootBeanDefinition;[Ljava/lang/Object;)Ljava/lang/Object;+4
j  org.springframework.beans.factory.support.AbstractBeanFactory$$Lambda$120.getObject()Ljava/lang/Object;+16
j  org.springframework.beans.factory.support.DefaultSingletonBeanRegistry.getSingleton(Ljava/lang/String;Lorg/springframework/beans/factory/ObjectFactory;)Ljava/lang/Object;+132
J 2517 C1 org.springframework.beans.factory.support.AbstractBeanFactory.doGetBean(Ljava/lang/String;Ljava/lang/Class;[Ljava/lang/Object;Z)Ljava/lang/Object; (833 bytes) @ 0x0000000002ecb14c [0x0000000002ecab80+0x5cc]
J 4091 C1 org.springframework.beans.factory.support.AbstractBeanFactory.getBean(Ljava/lang/String;)Ljava/lang/Object; (9 bytes) @ 0x00000000031ad24c [0x00000000031ad200+0x4c]
j  org.springframework.context.support.AbstractApplicationContext.getBean(Ljava/lang/String;)Ljava/lang/Object;+9
j  org.springframework.context.support.AbstractApplicationContext.finishBeanFactoryInitialization(Lorg/springframework/beans/factory/config/ConfigurableListableBeanFactory;)V+100
j  org.springframework.context.support.AbstractApplicationContext.refresh()V+54
j  org.springframework.boot.web.servlet.context.ServletWebServerApplicationContext.refresh()V+1
j  org.springframework.boot.SpringApplication.refresh(Lorg/springframework/context/ApplicationContext;)V+10
j  org.springframework.boot.SpringApplication.refreshContext(Lorg/springframework/context/ConfigurableApplicationContext;)V+2
j  org.springframework.boot.SpringApplication.run([Ljava/lang/String;)Lorg/springframework/context/ConfigurableApplicationContext;+118
j  org.springframework.boot.SpringApplication.run([Ljava/lang/Class;[Ljava/lang/String;)Lorg/springframework/context/ConfigurableApplicationContext;+9
j  org.springframework.boot.SpringApplication.run(Ljava/lang/Class;[Ljava/lang/String;)Lorg/springframework/context/ConfigurableApplicationContext;+9
j  com.capgemini.transactions.Transactions.TransactionsApplication.main([Ljava/lang/String;)V+3
v  ~StubRoutines::call_stub

---------------  P R O C E S S  ---------------

Java Threads: ( => current thread )
  0x000000001b910000 JavaThread "container-0" [_thread_blocked, id=32976, stack(0x000000001d700000,0x000000001d800000)]
  0x000000001b90e800 JavaThread "Catalina-utility-1" [_thread_blocked, id=28364, stack(0x000000001d600000,0x000000001d700000)]
  0x000000001b911800 JavaThread "spring.cloud.inetutils" daemon [_thread_blocked, id=12944, stack(0x000000001d500000,0x000000001d600000)]
  0x000000001b8fe800 JavaThread "Abandoned connection cleanup thread" daemon [_thread_blocked, id=19436, stack(0x000000001d400000,0x000000001d500000)]
  0x000000001b8d6000 JavaThread "SimplePauseDetectorThread_0" daemon [_thread_blocked, id=32320, stack(0x000000001d300000,0x000000001d400000)]
  0x000000001b8d5000 JavaThread "Thread-5" daemon [_thread_blocked, id=9728, stack(0x000000001d000000,0x000000001d100000)]
  0x0000000019afd800 JavaThread "JMX server connection timeout 18" daemon [_thread_blocked, id=26284, stack(0x000000001a730000,0x000000001a830000)]
  0x0000000019af3000 JavaThread "RMI TCP Connection(2)-127.0.0.1" daemon [_thread_in_native, id=7740, stack(0x000000001a630000,0x000000001a730000)]
  0x0000000019aec800 JavaThread "RMI Scheduler(0)" daemon [_thread_blocked, id=25976, stack(0x000000001a530000,0x000000001a630000)]
  0x0000000019ae4800 JavaThread "RMI TCP Connection(1)-127.0.0.1" daemon [_thread_in_native, id=31320, stack(0x000000001a430000,0x000000001a530000)]
  0x0000000019925800 JavaThread "RMI TCP Accept-0" daemon [_thread_in_native, id=4560, stack(0x0000000019df0000,0x0000000019ef0000)]
  0x0000000019919800 JavaThread "RMI TCP Accept-53499" daemon [_thread_in_native, id=15844, stack(0x0000000019cf0000,0x0000000019df0000)]
  0x000000001990c000 JavaThread "RMI TCP Accept-0" daemon [_thread_in_native, id=31600, stack(0x0000000019bf0000,0x0000000019cf0000)]
  0x00000000175ed800 JavaThread "Service Thread" daemon [_thread_blocked, id=32960, stack(0x00000000192f0000,0x00000000193f0000)]
  0x00000000175a1000 JavaThread "C1 CompilerThread2" daemon [_thread_in_native, id=33420, stack(0x0000000018df0000,0x0000000018ef0000)]
  0x0000000017599000 JavaThread "C2 CompilerThread1" daemon [_thread_blocked, id=20252, stack(0x0000000018cf0000,0x0000000018df0000)]
  0x0000000017597000 JavaThread "C2 CompilerThread0" daemon [_thread_blocked, id=29556, stack(0x0000000018bf0000,0x0000000018cf0000)]
  0x0000000017593800 JavaThread "Attach Listener" daemon [_thread_blocked, id=22608, stack(0x0000000018af0000,0x0000000018bf0000)]
  0x0000000017592800 JavaThread "Signal Dispatcher" daemon [_thread_blocked, id=23108, stack(0x00000000189f0000,0x0000000018af0000)]
  0x0000000017580000 JavaThread "Finalizer" daemon [_thread_blocked, id=29544, stack(0x0000000018800000,0x0000000018900000)]
  0x0000000002968000 JavaThread "Reference Handler" daemon [_thread_blocked, id=33036, stack(0x0000000018700000,0x0000000018800000)]
=>0x0000000002879000 JavaThread "main" [_thread_in_vm, id=30916, stack(0x00000000026d0000,0x00000000027d0000)]

Other Threads:
  0x0000000017557800 VMThread [stack: 0x0000000018600000,0x0000000018700000] [id=31620]
  0x0000000019926800 WatcherThread [stack: 0x0000000019ef0000,0x0000000019ff0000] [id=2412]

VM state:not at safepoint (normal execution)

VM Mutex/Monitor currently owned by a thread: None

Heap:
 PSYoungGen      total 120832K, used 57478K [0x00000000d5580000, 0x00000000dd480000, 0x0000000100000000)
  eden space 112128K, 45% used [0x00000000d5580000,0x00000000d87381e0,0x00000000dc300000)
  from space 8704K, 75% used [0x00000000dcb80000,0x00000000dd1e9710,0x00000000dd400000)
  to   space 8704K, 0% used [0x00000000dc300000,0x00000000dc300000,0x00000000dcb80000)
 ParOldGen       total 53760K, used 22827K [0x0000000080000000, 0x0000000083480000, 0x00000000d5580000)
  object space 53760K, 42% used [0x0000000080000000,0x000000008164af70,0x0000000083480000)
 Metaspace       used 38148K, capacity 40084K, committed 40280K, reserved 1083392K
  class space    used 5274K, capacity 5663K, committed 5760K, reserved 1048576K

Card table byte_map: [0x0000000011d30000,0x0000000012140000] byte_map_base: 0x0000000011930000

Marking Bits: (ParMarkBitMap*) 0x000000005936b6d0
 Begin Bits: [0x00000000127f0000, 0x00000000147f0000)
 End Bits:   [0x00000000147f0000, 0x00000000167f0000)

Polling page: 0x0000000002630000

CodeCache: size=245760Kb used=8643Kb max_used=8643Kb free=237116Kb
 bounds [0x0000000002970000, 0x00000000031f0000, 0x0000000011970000]
 total_blobs=4671 nmethods=4209 adapters=375
 compilation: enabled

Compilation events (10 events):
Event: 9.207 Thread 0x00000000175a1000 nmethod 4205 0x00000000031dccd0 code [0x00000000031dd120, 0x00000000031de818]
Event: 9.207 Thread 0x00000000175a1000 4206       1       org.springframework.beans.BeanWrapperImpl::setIntrospectionClass (24 bytes)
Event: 9.207 Thread 0x00000000175a1000 nmethod 4206 0x00000000031e0150 code [0x00000000031e02c0, 0x00000000031e0478]
Event: 9.208 Thread 0x00000000175a1000 4207       1       java.util.IdentityHashMap::init (11 bytes)
Event: 9.208 Thread 0x00000000175a1000 nmethod 4207 0x00000000031e0590 code [0x00000000031e06e0, 0x00000000031e0890]
Event: 9.217 Thread 0x00000000175a1000 4208       1       java.util.Arrays::sort (47 bytes)
Event: 9.217 Thread 0x00000000175a1000 nmethod 4208 0x00000000031e0910 code [0x00000000031e0aa0, 0x00000000031e0cd8]
Event: 9.218 Thread 0x00000000175a1000 4209       1       jdk.internal.org.objectweb.asm.ClassWriter::visitEnd (1 bytes)
Event: 9.218 Thread 0x00000000175a1000 nmethod 4209 0x00000000031e0e50 code [0x00000000031e0fa0, 0x00000000031e10b0]
Event: 9.227 Thread 0x00000000175a1000 4210   !   1       org.springframework.beans.factory.support.ConstructorResolver::instantiateUsingFactoryMethod (1488 bytes)

GC Heap History (10 events):
Event: 5.774 GC heap before
{Heap before GC invocations=8 (full 1):
 PSYoungGen      total 120832K, used 118717K [0x00000000d5580000, 0x00000000dd480000, 0x0000000100000000)
  eden space 112128K, 100% used [0x00000000d5580000,0x00000000dc300000,0x00000000dc300000)
  from space 8704K, 75% used [0x00000000dcb80000,0x00000000dd1ef570,0x00000000dd400000)
  to   space 8704K, 0% used [0x00000000dc300000,0x00000000dc300000,0x00000000dcb80000)
 ParOldGen       total 53760K, used 8895K [0x0000000080000000, 0x0000000083480000, 0x00000000d5580000)
  object space 53760K, 16% used [0x0000000080000000,0x00000000808afc28,0x0000000083480000)
 Metaspace       used 29909K, capacity 31110K, committed 31360K, reserved 1077248K
  class space    used 4170K, capacity 4442K, committed 4480K, reserved 1048576K
Event: 5.796 GC heap after
Heap after GC invocations=8 (full 1):
 PSYoungGen      total 120832K, used 8672K [0x00000000d5580000, 0x00000000dd480000, 0x0000000100000000)
  eden space 112128K, 0% used [0x00000000d5580000,0x00000000d5580000,0x00000000dc300000)
  from space 8704K, 99% used [0x00000000dc300000,0x00000000dcb78338,0x00000000dcb80000)
  to   space 8704K, 0% used [0x00000000dcb80000,0x00000000dcb80000,0x00000000dd400000)
 ParOldGen       total 53760K, used 15908K [0x0000000080000000, 0x0000000083480000, 0x00000000d5580000)
  object space 53760K, 29% used [0x0000000080000000,0x0000000080f892f8,0x0000000083480000)
 Metaspace       used 29909K, capacity 31110K, committed 31360K, reserved 1077248K
  class space    used 4170K, capacity 4442K, committed 4480K, reserved 1048576K
}
Event: 6.627 GC heap before
{Heap before GC invocations=9 (full 1):
 PSYoungGen      total 120832K, used 99316K [0x00000000d5580000, 0x00000000dd480000, 0x0000000100000000)
  eden space 112128K, 80% used [0x00000000d5580000,0x00000000dae04de8,0x00000000dc300000)
  from space 8704K, 99% used [0x00000000dc300000,0x00000000dcb78338,0x00000000dcb80000)
  to   space 8704K, 0% used [0x00000000dcb80000,0x00000000dcb80000,0x00000000dd400000)
 ParOldGen       total 53760K, used 15908K [0x0000000080000000, 0x0000000083480000, 0x00000000d5580000)
  object space 53760K, 29% used [0x0000000080000000,0x0000000080f892f8,0x0000000083480000)
 Metaspace       used 33670K, capacity 35326K, committed 35416K, reserved 1079296K
  class space    used 4659K, capacity 4972K, committed 4992K, reserved 1048576K
Event: 6.652 GC heap after
Heap after GC invocations=9 (full 1):
 PSYoungGen      total 120832K, used 8672K [0x00000000d5580000, 0x00000000dd480000, 0x0000000100000000)
  eden space 112128K, 0% used [0x00000000d5580000,0x00000000d5580000,0x00000000dc300000)
  from space 8704K, 99% used [0x00000000dcb80000,0x00000000dd3f8338,0x00000000dd400000)
  to   space 8704K, 0% used [0x00000000dc300000,0x00000000dc300000,0x00000000dcb80000)
 ParOldGen       total 53760K, used 24941K [0x0000000080000000, 0x0000000083480000, 0x00000000d5580000)
  object space 53760K, 46% used [0x0000000080000000,0x000000008185b6e0,0x0000000083480000)
 Metaspace       used 33670K, capacity 35326K, committed 35416K, reserved 1079296K
  class space    used 4659K, capacity 4972K, committed 4992K, reserved 1048576K
}
Event: 6.652 GC heap before
{Heap before GC invocations=10 (full 2):
 PSYoungGen      total 120832K, used 8672K [0x00000000d5580000, 0x00000000dd480000, 0x0000000100000000)
  eden space 112128K, 0% used [0x00000000d5580000,0x00000000d5580000,0x00000000dc300000)
  from space 8704K, 99% used [0x00000000dcb80000,0x00000000dd3f8338,0x00000000dd400000)
  to   space 8704K, 0% used [0x00000000dc300000,0x00000000dc300000,0x00000000dcb80000)
 ParOldGen       total 53760K, used 24941K [0x0000000080000000, 0x0000000083480000, 0x00000000d5580000)
  object space 53760K, 46% used [0x0000000080000000,0x000000008185b6e0,0x0000000083480000)
 Metaspace       used 33670K, capacity 35326K, committed 35416K, reserved 1079296K
  class space    used 4659K, capacity 4972K, committed 4992K, reserved 1048576K
Event: 6.749 GC heap after
Heap after GC invocations=10 (full 2):
 PSYoungGen      total 120832K, used 0K [0x00000000d5580000, 0x00000000dd480000, 0x0000000100000000)
  eden space 112128K, 0% used [0x00000000d5580000,0x00000000d5580000,0x00000000dc300000)
  from space 8704K, 0% used [0x00000000dcb80000,0x00000000dcb80000,0x00000000dd400000)
  to   space 8704K, 0% used [0x00000000dc300000,0x00000000dc300000,0x00000000dcb80000)
 ParOldGen       total 53760K, used 22811K [0x0000000080000000, 0x0000000083480000, 0x00000000d5580000)
  object space 53760K, 42% used [0x0000000080000000,0x0000000081646f70,0x0000000083480000)
 Metaspace       used 33670K, capacity 35326K, committed 35416K, reserved 1079296K
  class space    used 4659K, capacity 4972K, committed 4992K, reserved 1048576K
}
Event: 7.633 GC heap before
{Heap before GC invocations=11 (full 2):
 PSYoungGen      total 120832K, used 112128K [0x00000000d5580000, 0x00000000dd480000, 0x0000000100000000)
  eden space 112128K, 100% used [0x00000000d5580000,0x00000000dc300000,0x00000000dc300000)
  from space 8704K, 0% used [0x00000000dcb80000,0x00000000dcb80000,0x00000000dd400000)
  to   space 8704K, 0% used [0x00000000dc300000,0x00000000dc300000,0x00000000dcb80000)
 ParOldGen       total 53760K, used 22811K [0x0000000080000000, 0x0000000083480000, 0x00000000d5580000)
  object space 53760K, 42% used [0x0000000080000000,0x0000000081646f70,0x0000000083480000)
 Metaspace       used 36102K, capacity 37866K, committed 38104K, reserved 1081344K
  class space    used 4980K, capacity 5328K, committed 5376K, reserved 1048576K
Event: 7.643 GC heap after
Heap after GC invocations=11 (full 2):
 PSYoungGen      total 120832K, used 4536K [0x00000000d5580000, 0x00000000dd480000, 0x0000000100000000)
  eden space 112128K, 0% used [0x00000000d5580000,0x00000000d5580000,0x00000000dc300000)
  from space 8704K, 52% used [0x00000000dc300000,0x00000000dc76e008,0x00000000dcb80000)
  to   space 8704K, 0% used [0x00000000dcb80000,0x00000000dcb80000,0x00000000dd400000)
 ParOldGen       total 53760K, used 22819K [0x0000000080000000, 0x0000000083480000, 0x00000000d5580000)
  object space 53760K, 42% used [0x0000000080000000,0x0000000081648f70,0x0000000083480000)
 Metaspace       used 36102K, capacity 37866K, committed 38104K, reserved 1081344K
  class space    used 4980K, capacity 5328K, committed 5376K, reserved 1048576K
}
Event: 8.810 GC heap before
{Heap before GC invocations=12 (full 2):
 PSYoungGen      total 120832K, used 116664K [0x00000000d5580000, 0x00000000dd480000, 0x0000000100000000)
  eden space 112128K, 100% used [0x00000000d5580000,0x00000000dc300000,0x00000000dc300000)
  from space 8704K, 52% used [0x00000000dc300000,0x00000000dc76e008,0x00000000dcb80000)
  to   space 8704K, 0% used [0x00000000dcb80000,0x00000000dcb80000,0x00000000dd400000)
 ParOldGen       total 53760K, used 22819K [0x0000000080000000, 0x0000000083480000, 0x00000000d5580000)
  object space 53760K, 42% used [0x0000000080000000,0x0000000081648f70,0x0000000083480000)
 Metaspace       used 37593K, capacity 39510K, committed 39640K, reserved 1083392K
  class space    used 5194K, capacity 5584K, committed 5632K, reserved 1048576K
Event: 8.818 GC heap after
Heap after GC invocations=12 (full 2):
 PSYoungGen      total 120832K, used 6565K [0x00000000d5580000, 0x00000000dd480000, 0x0000000100000000)
  eden space 112128K, 0% used [0x00000000d5580000,0x00000000d5580000,0x00000000dc300000)
  from space 8704K, 75% used [0x00000000dcb80000,0x00000000dd1e9710,0x00000000dd400000)
  to   space 8704K, 0% used [0x00000000dc300000,0x00000000dc300000,0x00000000dcb80000)
 ParOldGen       total 53760K, used 22827K [0x0000000080000000, 0x0000000083480000, 0x00000000d5580000)
  object space 53760K, 42% used [0x0000000080000000,0x000000008164af70,0x0000000083480000)
 Metaspace       used 37593K, capacity 39510K, committed 39640K, reserved 1083392K
  class space    used 5194K, capacity 5584K, committed 5632K, reserved 1048576K
}

Deoptimization events (0 events):
No events

Internal exceptions (10 events):
Event: 9.221 Thread 0x0000000002879000 Exception <a 'java/lang/ClassNotFoundException': java/lang/ObjectCustomizer> (0x00000000d8312008) thrown at [C:\re\workspace\8-2-build-windows-amd64-cygwin\jdk8u121\8372\hotspot\src\share\vm\classfile\systemDictionary.cpp, line 210]
Event: 9.222 Thread 0x0000000002879000 Exception <a 'java/lang/ClassNotFoundException': org/springframework/boot/autoconfigure/orm/jpa/JpaBaseConfigurationCustomizer> (0x00000000d833fbe8) thrown at [C:\re\workspace\8-2-build-windows-amd64-cygwin\jdk8u121\8372\hotspot\src\share\vm\classfile\sys
Event: 9.222 Thread 0x0000000002879000 Exception <a 'java/lang/ArrayIndexOutOfBoundsException'> (0x00000000d83459b8) thrown at [C:\re\workspace\8-2-build-windows-amd64-cygwin\jdk8u121\8372\hotspot\src\share\vm\runtime\sharedRuntime.cpp, line 605]
Event: 9.223 Thread 0x0000000002879000 Exception <a 'java/lang/ClassNotFoundException': org/springframework/boot/autoconfigure/orm/jpa/HibernateJpaConfigurationCustomizer> (0x00000000d83870a8) thrown at [C:\re\workspace\8-2-build-windows-amd64-cygwin\jdk8u121\8372\hotspot\src\share\vm\classfil
Event: 9.224 Thread 0x0000000002879000 Exception <a 'java/lang/ClassNotFoundException': org/springframework/boot/autoconfigure/orm/jpa/HibernateJpaConfiguration$$EnhancerBySpringCGLIB$$6edf81a2Customizer> (0x00000000d83c2f90) thrown at [C:\re\workspace\8-2-build-windows-amd64-cygwin\jdk8u121\8
Event: 9.224 Thread 0x0000000002879000 Exception <a 'java/lang/ClassNotFoundException': org/springframework/context/annotation/ConfigurationClassEnhancer$EnhancedConfigurationCustomizer> (0x00000000d84018f0) thrown at [C:\re\workspace\8-2-build-windows-amd64-cygwin\jdk8u121\8372\hotspot\src\sh
Event: 9.225 Thread 0x0000000002879000 Exception <a 'java/lang/ClassNotFoundException': org/springframework/beans/factory/BeanFactoryAwareCustomizer> (0x00000000d8424730) thrown at [C:\re\workspace\8-2-build-windows-amd64-cygwin\jdk8u121\8372\hotspot\src\share\vm\classfile\systemDictionary.cpp
Event: 9.225 Thread 0x0000000002879000 Exception <a 'java/lang/ClassNotFoundException': org/springframework/beans/factory/AwareCustomizer> (0x00000000d8443950) thrown at [C:\re\workspace\8-2-build-windows-amd64-cygwin\jdk8u121\8372\hotspot\src\share\vm\classfile\systemDictionary.cpp, line 210]
Event: 9.226 Thread 0x0000000002879000 Exception <a 'java/lang/ClassNotFoundException': org/springframework/beans/factory/BeanFactoryAwareCustomizer> (0x00000000d8466630) thrown at [C:\re\workspace\8-2-build-windows-amd64-cygwin\jdk8u121\8372\hotspot\src\share\vm\classfile\systemDictionary.cpp
Event: 9.226 Thread 0x0000000002879000 Exception <a 'java/lang/ClassNotFoundException': org/springframework/beans/factory/AwareCustomizer> (0x00000000d8485850) thrown at [C:\re\workspace\8-2-build-windows-amd64-cygwin\jdk8u121\8372\hotspot\src\share\vm\classfile\systemDictionary.cpp, line 210]

Events (10 events):
Event: 9.235 loading class org/hibernate/SharedSessionContract
Event: 9.235 loading class org/hibernate/SharedSessionContract done
Event: 9.238 loading class org/hibernate/LockMode
Event: 9.238 loading class org/hibernate/LockMode done
Event: 9.238 loading class org/hibernate/LockOptions
Event: 9.238 loading class org/hibernate/LockOptions done
Event: 9.239 loading class org/hibernate/HibernateException
Event: 9.239 loading class org/hibernate/HibernateException done
Event: 9.239 loading class javax/persistence/PersistenceException
Event: 9.239 loading class javax/persistence/PersistenceException done


Dynamic libraries:
0x00007ff70d250000 - 0x00007ff70d287000 	C:\Program Files\Java\jre1.8.0_121\bin\javaw.exe
0x00007ffc127f0000 - 0x00007ffc129d1000 	C:\WINDOWS\SYSTEM32\ntdll.dll
0x00007ffc10f50000 - 0x00007ffc11002000 	C:\WINDOWS\System32\KERNEL32.DLL
0x00007ffc0ebc0000 - 0x00007ffc0ee33000 	C:\WINDOWS\System32\KERNELBASE.dll
0x00007ffc126b0000 - 0x00007ffc12751000 	C:\WINDOWS\System32\ADVAPI32.dll
0x00007ffc11010000 - 0x00007ffc110ae000 	C:\WINDOWS\System32\msvcrt.dll
0x00007ffc0fc80000 - 0x00007ffc0fcdb000 	C:\WINDOWS\System32\sechost.dll
0x00007ffc10760000 - 0x00007ffc10884000 	C:\WINDOWS\System32\RPCRT4.dll
0x00007ffc0fd80000 - 0x00007ffc0ff10000 	C:\WINDOWS\System32\USER32.dll
0x00007ffc0ee40000 - 0x00007ffc0ee60000 	C:\WINDOWS\System32\win32u.dll
0x00007ffc109c0000 - 0x00007ffc109e8000 	C:\WINDOWS\System32\GDI32.dll
0x00007ffc0f0c0000 - 0x00007ffc0f252000 	C:\WINDOWS\System32\gdi32full.dll
0x00007ffc0f970000 - 0x00007ffc0fa0f000 	C:\WINDOWS\System32\msvcp_win.dll
0x00007ffc0ee60000 - 0x00007ffc0ef5a000 	C:\WINDOWS\System32\ucrtbase.dll
0x00007ffc0cd90000 - 0x00007ffc0cff9000 	C:\WINDOWS\WinSxS\amd64_microsoft.windows.common-controls_6595b64144ccf1df_6.0.17134.407_none_fb449d63306391e9\COMCTL32.dll
0x00007ffc10c20000 - 0x00007ffc10f42000 	C:\WINDOWS\System32\combase.dll
0x00007ffc0fc00000 - 0x00007ffc0fc7a000 	C:\WINDOWS\System32\bcryptPrimitives.dll
0x00007ffc10b70000 - 0x00007ffc10b9d000 	C:\WINDOWS\System32\IMM32.DLL
0x00007ffc0e9a0000 - 0x00007ffc0e9fd000 	C:\Program Files\Citrix\System32\MfApHook64.dll
0x00007ffc0e280000 - 0x00007ffc0e2ab000 	C:\Program Files\Citrix\ICAService\CtxDodHook64.dll
0x00007ffc0e8c0000 - 0x00007ffc0e8f2000 	C:\Program Files\Citrix\ICAService\picaFullScreenHookX64.dll
0x00007ffc0e2b0000 - 0x00007ffc0e2fe000 	C:\Program Files\Citrix\ICAService\ShellHook64.dll
0x00007ffc11270000 - 0x00007ffc126af000 	C:\WINDOWS\System32\SHELL32.dll
0x00007ffc0f010000 - 0x00007ffc0f059000 	C:\WINDOWS\System32\cfgmgr32.dll
0x00007ffc10890000 - 0x00007ffc10939000 	C:\WINDOWS\System32\shcore.dll
0x00007ffc0f260000 - 0x00007ffc0f96d000 	C:\WINDOWS\System32\windows.storage.dll
0x00007ffc10ba0000 - 0x00007ffc10bf1000 	C:\WINDOWS\System32\shlwapi.dll
0x00007ffc0eb80000 - 0x00007ffc0eb91000 	C:\WINDOWS\System32\kernel.appcore.dll
0x00007ffc0eba0000 - 0x00007ffc0ebbf000 	C:\WINDOWS\System32\profapi.dll
0x00007ffc0eb00000 - 0x00007ffc0eb4c000 	C:\WINDOWS\System32\powrprof.dll
0x00007ffc0eb70000 - 0x00007ffc0eb7a000 	C:\WINDOWS\System32\FLTLIB.DLL
0x00007ffc0e100000 - 0x00007ffc0e27c000 	C:\Program Files\Citrix\ICAService\SCardHook64.dll
0x00007ffc0de00000 - 0x00007ffc0de2a000 	C:\Program Files\Citrix\ICAService\cxinjime64.dll
0x00007ffc0ddb0000 - 0x00007ffc0ddf8000 	C:\Program Files\Citrix\ICAService\PicaWtsHook64.dll
0x00000000588a0000 - 0x0000000058972000 	C:\Program Files\Java\jre1.8.0_121\bin\msvcr100.dll
0x0000000058b50000 - 0x00000000593eb000 	C:\Program Files\Java\jre1.8.0_121\bin\server\jvm.dll
0x00007ffc10c00000 - 0x00007ffc10c08000 	C:\WINDOWS\System32\PSAPI.DLL
0x00007ffc0b5e0000 - 0x00007ffc0b603000 	C:\WINDOWS\SYSTEM32\WINMM.dll
0x00007ffc0e7b0000 - 0x00007ffc0e7ba000 	C:\WINDOWS\SYSTEM32\VERSION.dll
0x00007ffc0b420000 - 0x00007ffc0b44a000 	C:\WINDOWS\SYSTEM32\winmmbase.dll
0x00007ffc002d0000 - 0x00007ffc002d9000 	C:\WINDOWS\SYSTEM32\WSOCK32.dll
0x00007ffc10950000 - 0x00007ffc109bc000 	C:\WINDOWS\System32\WS2_32.dll
0x0000000059d60000 - 0x0000000059d6f000 	C:\Program Files\Java\jre1.8.0_121\bin\verify.dll
0x0000000059d30000 - 0x0000000059d59000 	C:\Program Files\Java\jre1.8.0_121\bin\java.dll
0x0000000059d10000 - 0x0000000059d26000 	C:\Program Files\Java\jre1.8.0_121\bin\zip.dll
0x0000000059c80000 - 0x0000000059c8d000 	C:\Program Files\Java\jre1.8.0_121\bin\management.dll
0x0000000059cf0000 - 0x0000000059d0a000 	C:\Program Files\Java\jre1.8.0_121\bin\net.dll
0x00007ffc0d850000 - 0x00007ffc0d8b6000 	C:\WINDOWS\system32\mswsock.dll
0x0000000059cd0000 - 0x0000000059ce1000 	C:\Program Files\Java\jre1.8.0_121\bin\nio.dll
0x00007ffc02d50000 - 0x00007ffc02d66000 	C:\WINDOWS\system32\napinsp.dll
0x00007ffc02e30000 - 0x00007ffc02e4a000 	C:\WINDOWS\system32\pnrpnsp.dll
0x00007ffc09520000 - 0x00007ffc09539000 	C:\WINDOWS\system32\NLAapi.dll
0x00007ffc0d620000 - 0x00007ffc0d6de000 	C:\WINDOWS\SYSTEM32\DNSAPI.dll
0x00007ffc10c10000 - 0x00007ffc10c18000 	C:\WINDOWS\System32\NSI.dll
0x00007ffc0d5d0000 - 0x00007ffc0d608000 	C:\WINDOWS\SYSTEM32\IPHLPAPI.DLL
0x00007ffc03540000 - 0x00007ffc0354e000 	C:\WINDOWS\System32\winrnr.dll
0x00007ffc06c20000 - 0x00007ffc06c2a000 	C:\Windows\System32\rasadhlp.dll
0x00007ffc06b50000 - 0x00007ffc06bc2000 	C:\WINDOWS\System32\fwpuclnt.dll
0x00007ffc0e370000 - 0x00007ffc0e395000 	C:\WINDOWS\SYSTEM32\bcrypt.dll
0x00007ffc0da10000 - 0x00007ffc0da27000 	C:\WINDOWS\SYSTEM32\CRYPTSP.dll
0x00007ffc0d3d0000 - 0x00007ffc0d403000 	C:\WINDOWS\system32\rsaenh.dll
0x00007ffc0ea00000 - 0x00007ffc0ea28000 	C:\WINDOWS\SYSTEM32\USERENV.dll
0x00007ffc0da00000 - 0x00007ffc0da0b000 	C:\WINDOWS\SYSTEM32\CRYPTBASE.dll
0x00007ffc06f90000 - 0x00007ffc06fa6000 	C:\WINDOWS\SYSTEM32\dhcpcsvc6.DLL
0x00007ffc06f70000 - 0x00007ffc06f8a000 	C:\WINDOWS\SYSTEM32\dhcpcsvc.DLL

VM Arguments:
jvm_args: -Dcom.sun.management.jmxremote -Dcom.sun.management.jmxremote.port=53499 -Dcom.sun.management.jmxremote.authenticate=false -Dcom.sun.management.jmxremote.ssl=false -Djava.rmi.server.hostname=localhost -Dspring.liveBeansView.mbeanDomain -Dspring.application.admin.enabled=true -Xverify:none -XX:TieredStopAtLevel=1 -Dfile.encoding=UTF-8 
java_command: com.capgemini.transactions.Transactions.TransactionsApplication --spring.output.ansi.enabled=always
java_class_path (initial): C:\SpRINGbOOT pROJECT\Transactions\target\classes;C:\Users\aakashsi\.m2\repository\org\springframework\boot\spring-boot-starter-actuator\2.1.2.RELEASE\spring-boot-starter-actuator-2.1.2.RELEASE.jar;C:\Users\aakashsi\.m2\repository\org\springframework\boot\spring-boot-starter\2.1.2.RELEASE\spring-boot-starter-2.1.2.RELEASE.jar;C:\Users\aakashsi\.m2\repository\org\springframework\boot\spring-boot\2.1.2.RELEASE\spring-boot-2.1.2.RELEASE.jar;C:\Users\aakashsi\.m2\repository\org\springframework\boot\spring-boot-autoconfigure\2.1.2.RELEASE\spring-boot-autoconfigure-2.1.2.RELEASE.jar;C:\Users\aakashsi\.m2\repository\org\springframework\boot\spring-boot-starter-logging\2.1.2.RELEASE\spring-boot-starter-logging-2.1.2.RELEASE.jar;C:\Users\aakashsi\.m2\repository\ch\qos\logback\logback-classic\1.2.3\logback-classic-1.2.3.jar;C:\Users\aakashsi\.m2\repository\ch\qos\logback\logback-core\1.2.3\logback-core-1.2.3.jar;C:\Users\aakashsi\.m2\repository\org\apache\logging\log4j\log4j-to-slf4j\2.11.1\log4j-to-slf4j-2.11.1.jar;C:\Users\aakashsi\.m2\repository\org\apache\logging\log4j\log4j-api\2.11.1\log4j-api-2.11.1.jar;C:\Users\aakashsi\.m2\repository\org\slf4j\jul-to-slf4j\1.7.25\jul-to-slf4j-1.7.25.jar;C:\Users\aakashsi\.m2\repository\javax\annotation\javax.annotation-api\1.3.2\javax.annotation-api-1.3.2.jar;C:\Users\aakashsi\.m2\repository\org\yaml\snakeyaml\1.23\snakeyaml-1.23.jar;C:\Users\aakashsi\.m2\repository\org\springframework\boot\spring-boot-actuator-autoconfigure\2.1.2.RELEASE\spring-boot-actuator-autoconfigure-2.1.2.RELEASE.jar;C:\Users\aakashsi\.m2\repository\org\springframework\boot\spring-boot-actuator\2.1.2.RELEASE\spring-boot-actuator-2.1.2.RELEASE.jar;C:\Users\aakashsi\.m2\repository\org\springframework\spring-context\5.1.4.RELEASE\spring-context-5.1.4.RELEASE.jar;C:\Users\aakashsi\.m2\repository\com\fasterxml\jackson\datatype\jackson-datatype-jsr310\2.9.8\jackson-datatype-jsr310-2.9.8.jar;C:\Users\aakashsi\.m2\repository\io\micrometer\
Launcher Type: SUN_STANDARD

Environment Variables:
PATH=C:/Program Files/Java/jre1.8.0_121/bin/server;C:/Program Files/Java/jre1.8.0_121/bin;C:/Program Files/Java/jre1.8.0_121/lib/amd64;C:\Python34\;C:\Python34\Scripts;C:\oraclexe\app\oracle\product\11.2.0\server\bin;C:\ProgramData\Oracle\Java\javapath;C:\WINDOWS\system32;C:\WINDOWS;C:\WINDOWS\System32\Wbem;C:\WINDOWS\System32\WindowsPowerShell\v1.0\;C:\Program Files\TortoiseSVN\bin;C:\Program Files\nodejs\;C:\Program Files\Git\cmd;C:\Program Files (x86)\Microsoft SQL Server\110\Tools\Binn\ManagementStudio\;C:\Program Files (x86)\Microsoft SQL Server\110\Tools\Binn\;C:\Program Files (x86)\Microsoft SQL Server\110\DTS\Binn\;C:\Program Files\Citrix\System32\;C:\Program Files\Citrix\ICAService\;C:\WINDOWS\System32\OpenSSH\;C:\Users\aakashsi\AppData\Local\Microsoft\WindowsApps;;C:\Users\aakashsi\Downloads\sts download\sts-bundle\sts-3.9.6.RELEASE;
USERNAME=aakashsi
OS=Windows_NT
PROCESSOR_IDENTIFIER=Intel64 Family 15 Model 6 Stepping 1, GenuineIntel



---------------  S Y S T E M  ---------------

OS: Windows 10.0 , 64 bit Build 17134 (10.0.17134.1)

CPU:total 4 (2 cores per cpu, 1 threads per core) family 15 model 6 stepping 1, cmov, cx8, fxsr, mmx, sse, sse2, sse3, ssse3, sse4.1, sse4.2, popcnt, avx, avx2, aes, clmul, erms, rtm, 3dnowpref, lzcnt, tsc, bmi1, bmi2, adx

Memory: 4k page, physical 8388056k(931280k free), swap 18697820k(3832k free)

vm_info: Java HotSpot(TM) 64-Bit Server VM (25.121-b13) for windows-amd64 JRE (1.8.0_121-b13), built on Dec 12 2016 18:21:36 by "java_re" with MS VC++ 10.0 (VS2010)

time: Thu Jan 24 16:20:25 2019
elapsed time: 9 seconds (0d 0h 0m 9s)

